d:\курсовий\hospital\mainproject\mainproject\x64\release\vc143.pdb
d:\курсовий\hospital\mainproject\mainproject\x64\release\.netframework,version=v4.7.2.assemblyattributes.obj
d:\курсовий\hospital\mainproject\mainproject\x64\release\myform.obj
d:\курсовий\hospital\mainproject\mainproject\x64\release\exceptions.obj
d:\курсовий\hospital\mainproject\mainproject\x64\release\data.obj
d:\курсовий\hospital\mainproject\mainproject\x64\release\classes.obj
d:\курсовий\hospital\mainproject\mainproject\x64\release\algorithms.obj
d:\курсовий\hospital\mainproject\x64\release\mainproject.exe
d:\курсовий\hospital\mainproject\mainproject\x64\release\mainproject.vcxproj.suggestedbindingredirects.cache
d:\курсовий\hospital\mainproject\x64\release\mainproject.pdb
d:\курсовий\hospital\mainproject\mainproject\x64\release\mainproject.tlog\cl.command.1.tlog
d:\курсовий\hospital\mainproject\mainproject\x64\release\mainproject.tlog\cl.items.tlog
d:\курсовий\hospital\mainproject\mainproject\x64\release\mainproject.tlog\cl.read.1.tlog
d:\курсовий\hospital\mainproject\mainproject\x64\release\mainproject.tlog\cl.write.1.tlog
d:\курсовий\hospital\mainproject\mainproject\x64\release\mainproject.tlog\link.14812.read.1.tlog
d:\курсовий\hospital\mainproject\mainproject\x64\release\mainproject.tlog\link.14812.read.2.tlog
d:\курсовий\hospital\mainproject\mainproject\x64\release\mainproject.tlog\link.14812.write.1.tlog
d:\курсовий\hospital\mainproject\mainproject\x64\release\mainproject.tlog\link.17724.read.1.tlog
d:\курсовий\hospital\mainproject\mainproject\x64\release\mainproject.tlog\link.17724.read.2.tlog
d:\курсовий\hospital\mainproject\mainproject\x64\release\mainproject.tlog\link.17724.write.1.tlog
d:\курсовий\hospital\mainproject\mainproject\x64\release\mainproject.tlog\link.command.1.tlog
d:\курсовий\hospital\mainproject\mainproject\x64\release\mainproject.tlog\link.read.1.tlog
d:\курсовий\hospital\mainproject\mainproject\x64\release\mainproject.tlog\link.read.2.tlog
d:\курсовий\hospital\mainproject\mainproject\x64\release\mainproject.tlog\link.write.1.tlog
d:\курсовий\hospital\mainproject\mainproject\x64\release\mainproject.tlog\metagen.read.1.tlog
d:\курсовий\hospital\mainproject\mainproject\x64\release\mainproject.tlog\metagen.write.1.tlog
d:\курсовий\hospital\mainproject\mainproject\x64\release\mainproject.tlog\resgen.command.1.tlog
d:\курсовий\hospital\mainproject\mainproject\x64\release\mainproject.tlog\resgen.read.1.tlog
d:\курсовий\hospital\mainproject\mainproject\x64\release\mainproject.tlog\resgen.write.1.tlog
