d:\курсовий\hospital\mainproject\mainproject\x64\debug\vc143.pdb
d:\курсовий\hospital\mainproject\mainproject\x64\debug\.netframework,version=v4.7.2.assemblyattributes.obj
d:\курсовий\hospital\mainproject\mainproject\x64\debug\exceptions.obj
d:\курсовий\hospital\mainproject\mainproject\x64\debug\data.obj
d:\курсовий\hospital\mainproject\mainproject\x64\debug\classes.obj
d:\курсовий\hospital\mainproject\mainproject\x64\debug\algorithms.obj
d:\курсовий\hospital\mainproject\mainproject\x64\debug\logform.obj
d:\курсовий\hospital\mainproject\mainproject\x64\debug\startform.obj
d:\курсовий\hospital\mainproject\mainproject\x64\debug\signform.obj
d:\курсовий\hospital\mainproject\mainproject\x64\debug\newrecordform.obj
d:\курсовий\hospital\mainproject\mainproject\x64\debug\aboutappform.obj
d:\курсовий\hospital\mainproject\x64\debug\mainproject.exe
d:\курсовий\hospital\mainproject\x64\debug\mainproject.pdb
d:\курсовий\hospital\mainproject\mainproject\x64\debug\mainform.obj
d:\курсовий\hospital\mainproject\mainproject\x64\debug\myform.obj
d:\курсовий\hospital\mainproject\mainproject\x64\debug\myform1.obj
d:\курсовий\hospital\mainproject\mainproject\x64\debug\singform.obj
d:\курсовий\hospital\mainproject\mainproject\x64\debug\mainproject.tlog\cl.command.1.tlog
d:\курсовий\hospital\mainproject\mainproject\x64\debug\mainproject.tlog\cl.items.tlog
d:\курсовий\hospital\mainproject\mainproject\x64\debug\mainproject.tlog\cl.read.1.tlog
d:\курсовий\hospital\mainproject\mainproject\x64\debug\mainproject.tlog\cl.write.1.tlog
d:\курсовий\hospital\mainproject\mainproject\x64\debug\mainproject.tlog\link.command.1.tlog
d:\курсовий\hospital\mainproject\mainproject\x64\debug\mainproject.tlog\link.read.1.tlog
d:\курсовий\hospital\mainproject\mainproject\x64\debug\mainproject.tlog\link.write.1.tlog
d:\курсовий\hospital\mainproject\mainproject\x64\debug\mainproject.tlog\metagen.read.1.tlog
d:\курсовий\hospital\mainproject\mainproject\x64\debug\mainproject.tlog\metagen.write.1.tlog
d:\курсовий\hospital\mainproject\mainproject\x64\debug\mainproject.tlog\resgen.command.1.tlog
d:\курсовий\hospital\mainproject\mainproject\x64\debug\mainproject.tlog\resgen.read.1.tlog
d:\курсовий\hospital\mainproject\mainproject\x64\debug\mainproject.tlog\resgen.write.1.tlog
